<?xml version="1.0" encoding="UTF-8"?>
<testng-results ignored="0" total="1" passed="1" failed="0" skipped="0">
  <reporter-output>
  </reporter-output>
  <suite started-at="2023-01-09T12:56:27Z" name="Default suite" finished-at="2023-01-09T12:57:12Z" duration-ms="44508">
    <groups>
    </groups>
    <test started-at="2023-01-09T12:56:27Z" name="Default test" finished-at="2023-01-09T12:57:12Z" duration-ms="44508">
      <class name="com.app.test.VerifyLogin">
        <test-method is-config="true" signature="setup()[pri:0, instance:com.app.test.VerifyLogin@12359a82]" started-at="2023-01-09T18:26:27Z" name="setup" finished-at="2023-01-09T18:26:32Z" duration-ms="4764" status="PASS">
          <reporter-output>
          </reporter-output>
        </test-method> <!-- setup -->
        <test-method signature="verifyLogin()[pri:0, instance:com.app.test.VerifyLogin@12359a82]" started-at="2023-01-09T18:26:32Z" name="verifyLogin" finished-at="2023-01-09T18:27:11Z" duration-ms="39494" status="PASS">
          <reporter-output>
          </reporter-output>
        </test-method> <!-- verifyLogin -->
        <test-method is-config="true" signature="tearDown()[pri:0, instance:com.app.test.VerifyLogin@12359a82]" started-at="2023-01-09T18:27:11Z" name="tearDown" finished-at="2023-01-09T18:27:12Z" duration-ms="234" status="PASS">
          <reporter-output>
          </reporter-output>
        </test-method> <!-- tearDown -->
      </class> <!-- com.app.test.VerifyLogin -->
    </test> <!-- Default test -->
  </suite> <!-- Default suite -->
</testng-results>
